2021-01-22 10:57:18+0100 [-] Log opened.
2021-01-22 10:57:18+0100 [-] Unhandled error in Deferred:
2021-01-22 10:57:18+0100 [-] Unhandled Error
	Traceback (most recent call last):
	  File "londonlaw/london-server", line 55, in <module>
	    server.init()
	  File "/home/horald/prgentw/python/londonlaw3/londonlaw/server/__init__.py", line 48, in init
	    gameKiller.start(1800)
	  File "/usr/lib/python3/dist-packages/twisted/internet/task.py", line 194, in start
	    self()
	  File "/usr/lib/python3/dist-packages/twisted/internet/task.py", line 239, in __call__
	    d = defer.maybeDeferred(self.f, *self.a, **self.kw)
	--- <exception caught here> ---
	  File "/usr/lib/python3/dist-packages/twisted/internet/defer.py", line 151, in maybeDeferred
	    result = f(*args, **kw)
	  File "/home/horald/prgentw/python/londonlaw3/londonlaw/server/GameRegistry.py", line 149, in purgeExpiredGames
	    if self._expiration > 0:
	builtins.TypeError: '>' not supported between instances of 'NoneType' and 'int'
	
2021-01-22 10:57:18+0100 [-] Purging games involving AI clients
2021-01-22 10:57:18+0100 [-] LLawServerFactory starting on 7921
2021-01-22 10:57:18+0100 [-] Starting factory <server.LLawServerFactory object at 0x7f227812bbb0>
2021-01-22 10:59:46+0100 [-] Received SIGINT, shutting down.
2021-01-22 10:59:46+0100 [server.LLawServerFactory] (TCP Port 7921 Closed)
2021-01-22 10:59:46+0100 [-] Stopping factory <server.LLawServerFactory object at 0x7f227812bbb0>
2021-01-22 10:59:46+0100 [-] Main loop terminated.
2021-01-22 10:59:46+0100 [-] Schließe die Spielregistrierung
2021-01-22 10:59:46+0100 [-] App closed...
